<?xml version="1.0" encoding="UTF-8" standalone="no" ?>
<testsuites>
  <testsuite errors="1" failures="0" name="TutorialCantileverBeamMatlabOptimizationTest" skipped="0" tests="1" time="4.0809">
    <testcase classname="TutorialCantileverBeamMatlabOptimizationTest" name="runTest" time="4.0809">
      <error>Error occurred in TutorialCantileverBeamMatlabOptimizationTest/runTest and it did not run to completion.
    ---------
    Error ID:
    ---------
    'MATLAB:UndefinedFunction'
    --------------
    Error Details:
    --------------
    Unrecognized function or variable 'gaoptimset'.
    
    Error in GeneticAlgorithms/apply (line 142)
    Toptions                    = gaoptimset;                %Default optimization options
    
    Error in OptimizationProblem/optimize (line 304)
                [Xopt, XSimOutput]  = Xoptimizer.apply('XOptimizationProblem',Xobj,varargin{:});
    
    Error in TutorialCantileverBeamMatlabOptimization (line 187)
    Xoptimum3 = Xop.optimize('Xoptimizer',Xga);
    
    Error in run (line 91)
    evalin('caller', strcat(script, ';'));
    
    Error in TutorialTest/runTest (line 23)
                run(testCase.TutorialName);</error>
    </testcase>
  </testsuite>
  <testsuite errors="1" failures="0" name="TutorialCantileverBeamMatlabReliabilityAnalysisTest" skipped="0" tests="1" time="4.9903">
    <testcase classname="TutorialCantileverBeamMatlabReliabilityAnalysisTest" name="runTest" time="4.9903">
      <error>Error occurred in TutorialCantileverBeamMatlabReliabilityAnalysisTest/runTest and it did not run to completion.
    ---------
    Error ID:
    ---------
    'MATLAB:FileIO:InvalidFid'
    --------------
    Error Details:
    --------------
    Error using fprintf
    Invalid file identifier. Use fopen to generate a valid file identifier.
    
    Error in AdaptiveLineSampling/exploitLine (line 123)
    fprintf(fid, '\n %i %i %g %g %i %i %i', VlineResults);
    
    Error in AdaptiveLineSampling/computeReliabilityIndex (line 12)
        exploitLine(Xobj,Xtarget,...
    
    Error in AdaptiveLineSampling/computeFailureProbability (line 30)
        [Xobj,XlineSimOut,reliabilityIndex,Valpha,stateFlag0,NevalPoints]=Xobj.computeReliabilityIndex(Xtarget);
    
    Error in TutorialCantileverBeamMatlabReliabilityAnalysis (line 120)
    XfailureProbLS2 = XALS.computeFailureProbability(XprobModelBeamMatlab);
    
    Error in run (line 91)
    evalin('caller', strcat(script, ';'));
    
    Error in TutorialTest/runTest (line 23)
                run(testCase.TutorialName);</error>
    </testcase>
  </testsuite>
  <testsuite errors="0" failures="0" name="TutorialCantileverBeamMatlabTest" skipped="0" tests="1" time="1.0443">
    <testcase classname="TutorialCantileverBeamMatlabTest" name="runTest" time="1.0443"/>
  </testsuite>
</testsuites>
